<?xml version="1.0" encoding="UTF-8"?>
<!-- Generated by org.testng.reporters.JUnitReportReporter -->
<testsuite hostname="LAPTOP-O5TGSU9L" name="Ddlogintestcases.CorrectUserName" tests="1" failures="0" timestamp="1 Sep 2020 07:23:06 GMT" time="11.833" errors="0">
  <testcase name="loginwithcorrectusername" time="11.833" classname="Ddlogintestcases.CorrectUserName"/>
</testsuite> <!-- Ddlogintestcases.CorrectUserName -->
