<?xml version="1.0" encoding="UTF-8"?>
<!-- Generated by org.testng.reporters.JUnitReportReporter -->
<testsuite hostname="LAPTOP-O5TGSU9L" name="Ddlogintestcases.BothCorrect" tests="1" failures="0" timestamp="1 Sep 2020 07:23:06 GMT" time="11.024" errors="0">
  <testcase name="loginsuccess" time="11.024" classname="Ddlogintestcases.BothCorrect"/>
</testsuite> <!-- Ddlogintestcases.BothCorrect -->
