<?xml version="1.0" encoding="UTF-8"?>
<!-- Generated by org.testng.reporters.JUnitReportReporter -->
<testsuite hostname="LAPTOP-O5TGSU9L" name="Ddlogintestcases.BothInCorrect" tests="1" failures="0" timestamp="1 Sep 2020 07:23:06 GMT" time="9.940" errors="0">
  <testcase name="loginerror" time="9.940" classname="Ddlogintestcases.BothInCorrect"/>
</testsuite> <!-- Ddlogintestcases.BothInCorrect -->
